Log: [e9278523-cc67-4608-abcc-7cfe728560c5: 2023-03-21T19:13:54.832119+0300 - INFO - Request to access /data-analytics/
Log: [e9278523-cc67-4608-abcc-7cfe728560c5: 2023-03-21T19:13:54.836456+0300 - INFO - Successfully accessed /data-analytics/
Log: [0ddb2240-f87f-4566-8f92-b25a661ef554: 2023-03-21T19:14:02.815129+0300 - INFO - Request to access /data-processing/
Log: [0ddb2240-f87f-4566-8f92-b25a661ef554: 2023-03-21T19:14:02.817692+0300 - ERROR - Request to /data-processing/ failed: {ex}
Log: [0ddb2240-f87f-4566-8f92-b25a661ef554: 2023-03-21T19:14:02.818225+0300 - INFO - Successfully accessed /data-processing/
Log: [19b9f5d6-26e9-4804-9c33-819af652b2aa: 2023-03-21T19:16:11.034840+0300 - INFO - Request to access /docs
Log: [19b9f5d6-26e9-4804-9c33-819af652b2aa: 2023-03-21T19:16:11.036290+0300 - INFO - Successfully accessed /docs
Log: [0d6d5836-3c22-46fd-9fb4-2f54ae17ea6e: 2023-03-21T19:16:11.560039+0300 - INFO - Request to access /openapi.json
Log: [0d6d5836-3c22-46fd-9fb4-2f54ae17ea6e: 2023-03-21T19:16:11.567555+0300 - INFO - Successfully accessed /openapi.json
Log: [1cfe3e63-9b71-4922-8ab6-b77e809462f0: 2023-03-21T19:16:17.225063+0300 - INFO - Request to access /data-processing/
Log: [1cfe3e63-9b71-4922-8ab6-b77e809462f0: 2023-03-21T19:16:17.227401+0300 - ERROR - Request to /data-processing/ failed: {ex}
Log: [1cfe3e63-9b71-4922-8ab6-b77e809462f0: 2023-03-21T19:16:17.227740+0300 - INFO - Successfully accessed /data-processing/
Log: [251a5816-a79c-43fe-b13f-58076cf82621: 2023-03-21T19:16:31.888553+0300 - INFO - Request to access /docs
Log: [251a5816-a79c-43fe-b13f-58076cf82621: 2023-03-21T19:16:31.890251+0300 - INFO - Successfully accessed /docs
Log: [d41e5c7f-75ae-44af-b0d8-5503c156a0a6: 2023-03-21T19:16:32.444259+0300 - INFO - Request to access /openapi.json
Log: [d41e5c7f-75ae-44af-b0d8-5503c156a0a6: 2023-03-21T19:16:32.450908+0300 - INFO - Successfully accessed /openapi.json
Log: [019923ec-c4d9-4cbd-81c0-dc4cf6ecaafc: 2023-03-21T19:16:45.187523+0300 - INFO - Request to access /data-processing/
Log: [019923ec-c4d9-4cbd-81c0-dc4cf6ecaafc: 2023-03-21T19:16:45.190715+0300 - ERROR - Request to /data-processing/ failed: {ex}
Log: [019923ec-c4d9-4cbd-81c0-dc4cf6ecaafc: 2023-03-21T19:16:45.191311+0300 - INFO - Successfully accessed /data-processing/
Log: [fa877515-fe2a-4c7b-8140-463fcbbcf78f: 2023-03-21T19:17:01.061478+0300 - INFO - Request to access /
Log: [fa877515-fe2a-4c7b-8140-463fcbbcf78f: 2023-03-21T19:17:01.063138+0300 - INFO - Successfully accessed /
Log: [9e88629c-c3bf-4010-a81c-66342df35978: 2023-03-21T19:17:15.669354+0300 - INFO - Request to access /data-analytics/
Log: [9e88629c-c3bf-4010-a81c-66342df35978: 2023-03-21T19:17:15.676107+0300 - INFO - Successfully accessed /data-analytics/
Log: [934710ef-5517-42cb-85fb-dac1069051f0: 2023-03-21T19:17:31.933967+0300 - INFO - Request to access /data-processing/
Log: [934710ef-5517-42cb-85fb-dac1069051f0: 2023-03-21T19:17:31.936192+0300 - ERROR - Request to /data-processing/ failed: {ex}
Log: [934710ef-5517-42cb-85fb-dac1069051f0: 2023-03-21T19:17:31.936905+0300 - INFO - Successfully accessed /data-processing/
Log: [64948568-8f34-4bef-830f-5fcadf8e6075: 2023-03-21T19:20:03.598554+0300 - INFO - Request to access /data-processing/
Log: [64948568-8f34-4bef-830f-5fcadf8e6075: 2023-03-21T19:20:03.600924+0300 - ERROR - Request to /data-processing/ failed: {ex}
Log: [64948568-8f34-4bef-830f-5fcadf8e6075: 2023-03-21T19:20:03.601344+0300 - INFO - Successfully accessed /data-processing/
Log: [59171a12-cd64-4eb2-8d62-34d5e73e45d0: 2023-03-21T19:20:05.147598+0300 - INFO - Request to access /docs
Log: [59171a12-cd64-4eb2-8d62-34d5e73e45d0: 2023-03-21T19:20:05.148809+0300 - INFO - Successfully accessed /docs
Log: [0f7a974d-1c10-4f40-b4f1-abfb63b273fb: 2023-03-21T19:20:05.655865+0300 - INFO - Request to access /openapi.json
Log: [0f7a974d-1c10-4f40-b4f1-abfb63b273fb: 2023-03-21T19:20:05.670181+0300 - INFO - Successfully accessed /openapi.json
Log: [b4ec72ae-ba7e-450e-bbe0-04a467d694e8: 2023-03-21T19:20:13.140246+0300 - INFO - Request to access /data-processing/
Log: [b4ec72ae-ba7e-450e-bbe0-04a467d694e8: 2023-03-21T19:20:13.142658+0300 - ERROR - Request to /data-processing/ failed: {ex}
Log: [b4ec72ae-ba7e-450e-bbe0-04a467d694e8: 2023-03-21T19:20:13.143251+0300 - INFO - Successfully accessed /data-processing/
Log: [946f7562-2431-415a-86d2-947926ce05de: 2023-03-21T19:23:03.128452+0300 - INFO - Request to access /data-processing/
Log: [946f7562-2431-415a-86d2-947926ce05de: 2023-03-21T19:23:03.136201+0300 - INFO - Successfully accessed /data-processing/
Log: [1861ecd8-394b-4fb6-937f-107233cd2757: 2023-03-21T19:26:14.721519+0300 - INFO - Request to access /docs
Log: [1861ecd8-394b-4fb6-937f-107233cd2757: 2023-03-21T19:26:14.722798+0300 - INFO - Successfully accessed /docs
Log: [d1c06f35-2b00-42d6-9805-0da1d46b0668: 2023-03-21T19:26:15.236103+0300 - INFO - Request to access /openapi.json
Log: [d1c06f35-2b00-42d6-9805-0da1d46b0668: 2023-03-21T19:26:15.244324+0300 - INFO - Successfully accessed /openapi.json
Log: [73a5e1b7-dd0e-4aca-adf2-680777a4dc54: 2023-03-21T19:26:43.491265+0300 - INFO - Request to access /docs
Log: [73a5e1b7-dd0e-4aca-adf2-680777a4dc54: 2023-03-21T19:26:43.492570+0300 - INFO - Successfully accessed /docs
Log: [92f0aaec-460a-46ed-a380-b8f5f59e6c99: 2023-03-21T19:26:43.971326+0300 - INFO - Request to access /openapi.json
Log: [92f0aaec-460a-46ed-a380-b8f5f59e6c99: 2023-03-21T19:26:43.983778+0300 - INFO - Successfully accessed /openapi.json
Log: [84b4493a-1e90-4ee7-b705-a9fd48bab5b7: 2023-03-21T19:27:43.461892+0300 - INFO - Request to access /data-fetching/stock-data/list
Log: [84b4493a-1e90-4ee7-b705-a9fd48bab5b7: 2023-03-21T19:27:43.524480+0300 - INFO - Successfully accessed /data-fetching/stock-data/list
Log: [c9bae8d3-0ed4-45da-8bef-527f2b1deb4a: 2023-03-21T19:28:04.519813+0300 - INFO - Request to access /data-fetching/stock-data
Log: [c9bae8d3-0ed4-45da-8bef-527f2b1deb4a: 2023-03-21T19:28:04.529329+0300 - INFO - Successfully accessed /data-fetching/stock-data
Log: [b7ae6ec2-9743-4393-9f85-f90b02de098d: 2023-03-21T19:28:15.963450+0300 - INFO - Request to access /data-fetching/stock-data/list
Log: [b7ae6ec2-9743-4393-9f85-f90b02de098d: 2023-03-21T19:28:15.970341+0300 - INFO - Successfully accessed /data-fetching/stock-data/list
Log: [9fb7b9d1-4e89-41d7-9959-a795d8192efc: 2023-03-21T19:29:17.351342+0300 - INFO - Request to access /data-fetching/stock-data
Log: [9fb7b9d1-4e89-41d7-9959-a795d8192efc: 2023-03-21T19:29:17.359707+0300 - INFO - Successfully accessed /data-fetching/stock-data
Log: [c862c203-2362-4e23-88ab-976d96662fbc: 2023-03-21T19:29:31.367110+0300 - INFO - Request to access /data-fetching/stock-data
Log: [c862c203-2362-4e23-88ab-976d96662fbc: 2023-03-21T19:29:31.375752+0300 - INFO - Successfully accessed /data-fetching/stock-data
Log: [a9c79cd3-8e4b-4554-b589-7b515ccc7e16: 2023-03-21T19:29:35.999143+0300 - INFO - Request to access /data-fetching/stock-data/list
Log: [a9c79cd3-8e4b-4554-b589-7b515ccc7e16: 2023-03-21T19:29:36.006446+0300 - INFO - Successfully accessed /data-fetching/stock-data/list
Log: [c67c473b-80d3-45e6-a696-a1a7fb034924: 2023-03-21T19:29:49.902703+0300 - INFO - Request to access /data-fetching/stock-data/0
Log: [c67c473b-80d3-45e6-a696-a1a7fb034924: 2023-03-21T19:29:49.912129+0300 - INFO - Successfully accessed /data-fetching/stock-data/0
Log: [c40d17dc-1187-4318-9924-38008dfcfeff: 2023-03-21T19:30:08.087849+0300 - INFO - Request to access /data-fetching/stock-data/1
Log: [c40d17dc-1187-4318-9924-38008dfcfeff: 2023-03-21T19:30:08.091932+0300 - INFO - Successfully accessed /data-fetching/stock-data/1
Log: [055e15a0-7536-4b99-84c1-3315f514e713: 2023-03-21T19:30:18.479108+0300 - INFO - Request to access /data-fetching/stock-data/0
Log: [055e15a0-7536-4b99-84c1-3315f514e713: 2023-03-21T19:30:18.487118+0300 - INFO - Successfully accessed /data-fetching/stock-data/0
Log: [397ab679-ea30-49f9-aa75-8a7bee0e568d: 2023-03-21T19:30:24.989732+0300 - INFO - Request to access /data-fetching/stock-data/list
Log: [397ab679-ea30-49f9-aa75-8a7bee0e568d: 2023-03-21T19:30:24.994271+0300 - INFO - Successfully accessed /data-fetching/stock-data/list
